2025-03-21 18:32:46,814 - youtube-upload - INFO - YouTube upload requested for file: C:\Users\mayan\OneDrive\Desktop\ongoing_projects\recursion-6\server\shorts_output\88e7efb8-3bae-4ac5-a82e-99856b7a2bf4_short_1.mp4
2025-03-21 18:32:46,814 - youtube-upload - INFO - Title: Short 565: Introduction/opening segment, Description length: 24
2025-03-21 18:32:46,814 - youtube-upload - INFO - Using hardcoded response with video ID: HARDCODED-123456789
2025-03-21 19:13:23,331 - youtube-upload - INFO - YouTube upload requested for file: C:\Users\mayan\OneDrive\Desktop\ongoing_projects\recursion-6\server\shorts_output\bf700504-52ef-4a21-88c7-a64f03fd8865_short_1.mp4
2025-03-21 19:13:23,342 - youtube-upload - INFO - Title: Short 373: Introduction/opening segment, Description length: 24
2025-03-21 19:13:23,344 - youtube-upload - INFO - Using hardcoded credentials
2025-03-21 19:13:23,344 - youtube-upload - ERROR - YouTube API requires authentication. Credentials file not found.
2025-03-21 19:13:23,344 - youtube-upload - ERROR - 
        ==== YOUTUBE AUTHENTICATION REQUIRED ====
        
        To authenticate with YouTube, please run this script directly:
        
        1. Open a terminal and navigate to the server directory
        2. Run: python upload_youtube.py
        3. Follow the authentication prompts
        4. After successful authentication, a token will be saved to youtube_credentials.json
        
        The server will then be able to use this token for future uploads.
        ==== END AUTHENTICATION MESSAGE ====
        
2025-03-21 19:13:23,345 - youtube-upload - ERROR - Authentication error: YouTube API authentication required. Run the script manually first.
2025-03-21 19:13:23,345 - youtube-upload - ERROR - YouTube API error: YouTube API authentication required. Run the script manually first.
2025-03-21 19:21:31,376 - youtube-upload - INFO - YouTube upload requested for file: C:\Users\mayan\OneDrive\Desktop\ongoing_projects\recursion-6\server\shorts_output\247a03c9-d6d1-48e7-879a-87576818519b_short_1.mp4
2025-03-21 19:21:31,376 - youtube-upload - INFO - Title: Short 373: Introduction/opening segment, Description length: 24
2025-03-21 19:21:31,377 - youtube-upload - WARNING - No credentials found. Using mock YouTube service
2025-03-21 19:21:31,377 - youtube-upload - INFO - MOCK UPLOAD: Would upload C:\Users\mayan\OneDrive\Desktop\ongoing_projects\recursion-6\server\shorts_output\247a03c9-d6d1-48e7-879a-87576818519b_short_1.mp4 with title: Short 373: Introduction/opening segment
2025-03-21 19:21:31,377 - youtube-upload - INFO - Upload result: {'success': True, 'video_id': 'MOCK-1742565091', 'title': 'Short 373: Introduction/opening segment', 'youtube_url': 'https://www.youtube.com/watch?v=MOCK-1742565091'}
